Arguments: 
  /usr/local/bin/node /usr/local/bin/yarn install

PATH: 
  /usr/local/bin:/usr/bin:/bin:/usr/sbin:/sbin:/Library/Apple/usr/bin:/Users/davidha/Library/Android/sdk/emulator:/Users/davidha/Library/Android/sdk/tools:/Users/davidha/Library/Android/sdk/tools/bin:/Users/davidha/Library/Android/sdk/platform-tools:/Users/davidha/.rvm/bin

Yarn version: 
  1.22.10

Node version: 
  14.17.0

Platform: 
  darwin x64

Trace: 
  Error: getaddrinfo ENOTFOUND registry.yarnpkg.com
      at GetAddrInfoReqWrap.onlookup [as oncomplete] (dns.js:67:26)

npm manifest: 
  {
    "name": "api",
    "version": "0.0.0",
    "private": true,
    "scripts": {
      "start": "node ./bin/www"
    },
    "dependencies": {
      "cheerio": "^1.0.0-rc.10",
      "cookie-parser": "~1.4.4",
      "cors": "^2.8.5",
      "debug": "~2.6.9",
      "express": "~4.16.1",
      "http-errors": "~1.6.3",
      "jade": "^0.29.0",
      "morgan": "~1.9.1",
      "puppeteer": "^10.2.0",
      "request": "^2.88.2",
      "request-promise": "^4.2.6"
    }
  }

yarn manifest: 
  No manifest

Lockfile: 
  No lockfile
